2026-04-17T09:23:00Z 112104
2026-04-17T09:23:15Z 269516
2026-04-17T09:23:30Z 122128
2026-04-17T09:23:45Z 123168
2026-04-17T09:24:00Z 123148
2026-04-17T09:24:15Z 123160
2026-04-17T09:24:30Z 123176
2026-04-17T09:24:45Z 122708
2026-04-17T09:25:00Z 122708
2026-04-17T09:25:15Z 123740
2026-04-17T09:25:30Z 106336
2026-04-17T09:25:45Z 106336
2026-04-17T09:26:00Z 106336
2026-04-17T09:26:15Z 104988
2026-04-17T09:26:31Z 104988
2026-04-17T09:26:46Z 106016
2026-04-17T09:27:01Z 100800
2026-04-17T09:27:16Z 100800
2026-04-17T09:27:31Z 100804
2026-04-17T09:27:46Z 101616
2026-04-17T09:28:01Z 101620
2026-04-17T09:28:16Z 148012
2026-04-17T09:28:31Z 148076
2026-04-17T09:28:46Z 148044
2026-04-17T09:29:01Z 148188
2026-04-17T09:29:16Z 152488
2026-04-17T09:29:31Z 152488
2026-04-17T09:29:46Z 153512
2026-04-17T09:30:01Z 149144
2026-04-17T09:30:16Z 273156
2026-04-17T09:30:31Z 272132
2026-04-17T09:30:46Z 146660
2026-04-17T09:31:01Z 146660
2026-04-17T09:31:16Z 168588
2026-04-17T09:31:31Z 171548
2026-04-17T09:31:46Z 146560
2026-04-17T09:32:01Z 146560
2026-04-17T09:32:16Z 165484
2026-04-17T09:32:31Z 169572
2026-04-17T09:32:46Z 143572
2026-04-17T09:33:01Z 143380
2026-04-17T09:33:16Z 165304
2026-04-17T09:33:31Z 169388
2026-04-17T09:33:46Z 145424
2026-04-17T09:34:01Z 144400
2026-04-17T09:34:16Z 165300
2026-04-17T09:34:31Z 165300
2026-04-17T09:34:46Z 143388
2026-04-17T09:35:01Z 147472
2026-04-17T09:35:16Z 171428
2026-04-17T09:35:31Z 171428
2026-04-17T09:35:46Z 143392
2026-04-17T09:36:01Z 147476
2026-04-17T09:36:16Z 165316
2026-04-17T09:36:31Z 167360
2026-04-17T09:36:46Z 143384
2026-04-17T09:37:01Z 143384
2026-04-17T09:37:16Z 165316
2026-04-17T09:37:31Z 165316
2026-04-17T09:37:46Z 147464
2026-04-17T09:38:01Z 147464
2026-04-17T09:38:16Z 165312
2026-04-17T09:38:31Z 167344
2026-04-17T09:38:46Z 145428
2026-04-17T09:39:01Z 149512
2026-04-17T09:39:16Z 165308
2026-04-17T09:39:31Z 167344
2026-04-17T09:39:46Z 145416
2026-04-17T09:40:01Z 145416
2026-04-17T09:40:16Z 165304
2026-04-17T09:40:31Z 167340
2026-04-17T09:40:46Z 145436
2026-04-17T09:41:01Z 145436
2026-04-17T09:41:16Z 165240
2026-04-17T09:41:31Z 165240
2026-04-17T09:41:46Z 147416
2026-04-17T09:42:01Z 147416
2026-04-17T09:42:16Z 167308
2026-04-17T09:42:31Z 167308
2026-04-17T09:42:46Z 143332
2026-04-17T09:43:01Z 149460
2026-04-17T09:43:16Z 167308
2026-04-17T09:43:31Z 167308
2026-04-17T09:43:46Z 145368
2026-04-17T09:44:01Z 145368
2026-04-17T09:44:16Z 149072
2026-04-17T09:44:31Z 165276
2026-04-17T09:44:46Z 147424
2026-04-17T09:45:01Z 147424
2026-04-17T09:45:16Z 143352
2026-04-17T09:45:31Z 171404
2026-04-17T09:45:46Z 143348
2026-04-17T09:46:01Z 147428
2026-04-17T09:46:16Z 145400
2026-04-17T09:46:31Z 167336
2026-04-17T09:46:46Z 145388
2026-04-17T09:47:01Z 145452
2026-04-17T09:47:16Z 192208
2026-04-17T09:47:31Z 218388
2026-04-17T09:47:46Z 192612
2026-04-17T09:48:01Z 196632
2026-04-17T09:48:16Z 133040
2026-04-17T09:48:31Z 156104
2026-04-17T09:48:46Z 132736
2026-04-17T09:49:01Z 132736
2026-04-17T09:49:16Z 132740
2026-04-17T09:49:31Z 151520
2026-04-17T09:49:46Z 130508
2026-04-17T09:50:01Z 130508
2026-04-17T09:50:16Z 127992
2026-04-17T09:50:31Z 149012
2026-04-17T09:50:46Z 125920
2026-04-17T09:51:01Z 122388
2026-04-17T09:51:16Z 122392
2026-04-17T09:51:31Z 145456
2026-04-17T09:51:46Z 122392
2026-04-17T09:52:01Z 124436
2026-04-17T09:52:16Z 122404
2026-04-17T09:52:31Z 145016
2026-04-17T09:52:46Z 121936
2026-04-17T09:53:01Z 123980
2026-04-17T09:53:16Z 121924
2026-04-17T09:53:31Z 144988
2026-04-17T09:53:46Z 121908
2026-04-17T09:54:01Z 123948
