2026-04-17T09:23:00Z 114364
2026-04-17T09:23:15Z 121112
2026-04-17T09:23:30Z 231720
2026-04-17T09:23:45Z 241428
2026-04-17T09:24:00Z 241328
2026-04-17T09:24:15Z 253280
2026-04-17T09:24:30Z 253280
2026-04-17T09:24:45Z 358248
2026-04-17T09:25:00Z 358248
2026-04-17T09:25:15Z 239032
2026-04-17T09:25:30Z 221476
2026-04-17T09:25:45Z 329088
2026-04-17T09:26:00Z 329088
2026-04-17T09:26:15Z 230376
2026-04-17T09:26:31Z 230376
2026-04-17T09:26:46Z 237304
2026-04-17T09:27:01Z 232092
2026-04-17T09:27:16Z 322452
2026-04-17T09:27:31Z 322452
2026-04-17T09:27:46Z 232776
2026-04-17T09:28:01Z 232800
2026-04-17T09:28:16Z 433884
2026-04-17T09:28:31Z 433808
2026-04-17T09:28:46Z 561840
2026-04-17T09:29:01Z 561984
2026-04-17T09:29:16Z 275256
2026-04-17T09:29:31Z 275256
2026-04-17T09:29:46Z 276048
2026-04-17T09:30:01Z 271680
2026-04-17T09:30:16Z 362596
2026-04-17T09:30:31Z 362596
2026-04-17T09:30:46Z 243424
2026-04-17T09:31:01Z 243424
2026-04-17T09:31:16Z 243408
2026-04-17T09:31:31Z 242284
2026-04-17T09:31:46Z 242380
2026-04-17T09:32:01Z 242380
2026-04-17T09:32:16Z 241336
2026-04-17T09:32:31Z 241336
2026-04-17T09:32:46Z 243180
2026-04-17T09:33:01Z 242988
2026-04-17T09:33:16Z 283376
2026-04-17T09:33:31Z 283376
2026-04-17T09:33:46Z 250720
2026-04-17T09:34:01Z 250720
2026-04-17T09:34:16Z 279020
2026-04-17T09:34:31Z 279020
2026-04-17T09:34:46Z 241108
2026-04-17T09:35:01Z 241108
2026-04-17T09:35:16Z 283264
2026-04-17T09:35:31Z 283264
2026-04-17T09:35:46Z 241152
2026-04-17T09:36:01Z 241152
2026-04-17T09:36:16Z 281428
2026-04-17T09:36:31Z 281428
2026-04-17T09:36:46Z 238704
2026-04-17T09:37:01Z 238704
2026-04-17T09:37:16Z 281820
2026-04-17T09:37:31Z 281820
2026-04-17T09:37:46Z 240860
2026-04-17T09:38:01Z 240860
2026-04-17T09:38:16Z 281304
2026-04-17T09:38:31Z 281304
2026-04-17T09:38:46Z 240960
2026-04-17T09:39:01Z 240960
2026-04-17T09:39:16Z 240980
2026-04-17T09:39:31Z 281332
2026-04-17T09:39:46Z 240960
2026-04-17T09:40:01Z 240960
2026-04-17T09:40:16Z 240996
2026-04-17T09:40:31Z 281348
2026-04-17T09:40:46Z 242632
2026-04-17T09:41:01Z 242632
2026-04-17T09:41:16Z 242612
2026-04-17T09:41:31Z 282964
2026-04-17T09:41:46Z 242548
2026-04-17T09:42:01Z 242548
2026-04-17T09:42:16Z 240468
2026-04-17T09:42:31Z 280820
2026-04-17T09:42:46Z 242388
2026-04-17T09:43:01Z 242388
2026-04-17T09:43:16Z 242596
2026-04-17T09:43:31Z 282948
2026-04-17T09:43:46Z 242596
2026-04-17T09:44:01Z 242596
2026-04-17T09:44:16Z 332804
2026-04-17T09:44:31Z 368888
2026-04-17T09:44:46Z 242876
2026-04-17T09:45:01Z 242876
2026-04-17T09:45:16Z 241148
2026-04-17T09:45:31Z 283252
2026-04-17T09:45:46Z 241088
2026-04-17T09:46:01Z 241088
2026-04-17T09:46:16Z 241028
2026-04-17T09:46:31Z 281380
2026-04-17T09:46:46Z 238692
2026-04-17T09:47:01Z 238692
2026-04-17T09:47:16Z 538272
2026-04-17T09:47:31Z 566816
2026-04-17T09:47:46Z 462568
2026-04-17T09:48:01Z 462544
2026-04-17T09:48:16Z 278496
2026-04-17T09:48:31Z 318916
2026-04-17T09:48:46Z 273764
2026-04-17T09:49:01Z 273764
2026-04-17T09:49:16Z 247416
2026-04-17T09:49:31Z 285604
2026-04-17T09:49:46Z 245380
2026-04-17T09:50:01Z 245380
2026-04-17T09:50:16Z 242924
2026-04-17T09:50:31Z 283352
2026-04-17T09:50:46Z 242856
2026-04-17T09:51:01Z 239324
2026-04-17T09:51:16Z 239428
2026-04-17T09:51:31Z 279852
2026-04-17T09:51:46Z 239356
2026-04-17T09:52:01Z 239356
2026-04-17T09:52:16Z 241652
2026-04-17T09:52:31Z 281608
2026-04-17T09:52:46Z 241280
2026-04-17T09:53:01Z 241280
2026-04-17T09:53:16Z 333516
2026-04-17T09:53:31Z 371608
2026-04-17T09:53:46Z 241192
2026-04-17T09:54:01Z 241188
